[    0.000000] Initializing cgroup subsys cpuset
[    0.000000] Initializing cgroup subsys cpu
[    0.000000] Initializing cgroup subsys cpuacct
[    0.000000] Linux version 4.4.0-165-generic (buildd@lgw01-amd64-027) (gcc version 5.4.0 20160609 (Ubuntu 5.4.0-6ubuntu1~16.04.10) ) #193-Ubuntu SMP Tue Sep 17 17:42:52 UTC 2019 (Ubuntu 4.4.0-165.193-generic 4.4.189)
[    0.000000] Command line: BOOT_IMAGE=/boot/vmlinuz-4.4.0-165-generic root=LABEL=cloudimg-rootfs ro console=tty1 console=ttyS0
[    0.000000] KERNEL supported cpus:
[    0.000000]   Intel GenuineIntel
[    0.000000]   AMD AuthenticAMD
[    0.000000]   Centaur CentaurHauls
[    0.000000] x86/fpu: xstate_offset[2]:  576, xstate_sizes[2]:  256
[    0.000000] x86/fpu: Supporting XSAVE feature 0x01: 'x87 floating point registers'
[    0.000000] x86/fpu: Supporting XSAVE feature 0x02: 'SSE registers'
[    0.000000] x86/fpu: Supporting XSAVE feature 0x04: 'AVX registers'
[    0.000000] x86/fpu: Enabled xstate features 0x7, context size is 832 bytes, using 'standard' format.
[    0.000000] e820: BIOS-provided physical RAM map:
[    0.000000] BIOS-e820: [mem 0x0000000000000000-0x000000000009fbff] usable
[    0.000000] BIOS-e820: [mem 0x000000000009fc00-0x000000000009ffff] reserved
[    0.000000] BIOS-e820: [mem 0x00000000000f0000-0x00000000000fffff] reserved
[    0.000000] BIOS-e820: [mem 0x0000000000100000-0x000000003ffeffff] usable
[    0.000000] BIOS-e820: [mem 0x000000003fff0000-0x000000003fffffff] ACPI data
[    0.000000] BIOS-e820: [mem 0x00000000fec00000-0x00000000fec00fff] reserved
[    0.000000] BIOS-e820: [mem 0x00000000fee00000-0x00000000fee00fff] reserved
[    0.000000] BIOS-e820: [mem 0x00000000fffc0000-0x00000000ffffffff] reserved
[    0.000000] NX (Execute Disable) protection: active
[    0.000000] SMBIOS 2.5 present.
[    0.000000] Hypervisor detected: KVM
[    0.000000] e820: last_pfn = 0x3fff0 max_arch_pfn = 0x400000000
[    0.000000] MTRR: Disabled
[    0.000000] x86/PAT: MTRRs disabled, skipping PAT initialization too.
[    0.000000] CPU MTRRs all blank - virtualized system.
[    0.000000] x86/PAT: Configuration [0-7]: WB  WT  UC- UC  WB  WT  UC- UC  
[    0.000000] found SMP MP-table at [mem 0x0009fff0-0x0009ffff] mapped at [ffff88000009fff0]
[    0.000000] Scanning 1 areas for low memory corruption
[    0.000000] RAMDISK: [mem 0x361e2000-0x370e8fff]
[    0.000000] ACPI: Early table checksum verification disabled
[    0.000000] ACPI: RSDP 0x00000000000E0000 000024 (v02 VBOX  )
[    0.000000] ACPI: XSDT 0x000000003FFF0030 00003C (v01 VBOX   VBOXXSDT 00000001 ASL  00000061)
[    0.000000] ACPI: FACP 0x000000003FFF00F0 0000F4 (v04 VBOX   VBOXFACP 00000001 ASL  00000061)
[    0.000000] ACPI: DSDT 0x000000003FFF0470 0022EA (v02 VBOX   VBOXBIOS 00000002 INTL 20100528)
[    0.000000] ACPI: FACS 0x000000003FFF0200 000040
[    0.000000] ACPI: FACS 0x000000003FFF0200 000040
[    0.000000] ACPI: APIC 0x000000003FFF0240 00005C (v02 VBOX   VBOXAPIC 00000001 ASL  00000061)
[    0.000000] ACPI: SSDT 0x000000003FFF02A0 0001CC (v01 VBOX   VBOXCPUT 00000002 INTL 20100528)
[    0.000000] No NUMA configuration found
[    0.000000] Faking a node at [mem 0x0000000000000000-0x000000003ffeffff]
[    0.000000] NODE_DATA(0) allocated [mem 0x3ffeb000-0x3ffeffff]
[    0.000000] kvm-clock: Using msrs 4b564d01 and 4b564d00
[    0.000000] kvm-clock: cpu 0, msr 0:3ffe3001, primary cpu clock
[    0.000000] kvm-clock: using sched offset of 3792770177 cycles
[    0.000000] clocksource: kvm-clock: mask: 0xffffffffffffffff max_cycles: 0x1cd42e4dffb, max_idle_ns: 881590591483 ns
[    0.000000] Zone ranges:
[    0.000000]   DMA      [mem 0x0000000000001000-0x0000000000ffffff]
[    0.000000]   DMA32    [mem 0x0000000001000000-0x000000003ffeffff]
[    0.000000]   Normal   empty
[    0.000000]   Device   empty
[    0.000000] Movable zone start for each node
[    0.000000] Early memory node ranges
[    0.000000]   node   0: [mem 0x0000000000001000-0x000000000009efff]
[    0.000000]   node   0: [mem 0x0000000000100000-0x000000003ffeffff]
[    0.000000] Initmem setup node 0 [mem 0x0000000000001000-0x000000003ffeffff]
[    0.000000] ACPI: PM-Timer IO Port: 0x4008
[    0.000000] IOAPIC[0]: apic_id 2, version 32, address 0xfec00000, GSI 0-23
[    0.000000] ACPI: INT_SRC_OVR (bus 0 bus_irq 0 global_irq 2 dfl dfl)
[    0.000000] ACPI: INT_SRC_OVR (bus 0 bus_irq 9 global_irq 9 low level)
[    0.000000] Using ACPI (MADT) for SMP configuration information
[    0.000000] smpboot: Allowing 2 CPUs, 0 hotplug CPUs
[    0.000000] PM: Registered nosave memory: [mem 0x00000000-0x00000fff]
[    0.000000] PM: Registered nosave memory: [mem 0x0009f000-0x0009ffff]
[    0.000000] PM: Registered nosave memory: [mem 0x000a0000-0x000effff]
[    0.000000] PM: Registered nosave memory: [mem 0x000f0000-0x000fffff]
[    0.000000] e820: [mem 0x40000000-0xfebfffff] available for PCI devices
[    0.000000] Booting paravirtualized kernel on KVM
[    0.000000] clocksource: refined-jiffies: mask: 0xffffffff max_cycles: 0xffffffff, max_idle_ns: 7645519600211568 ns
[    0.000000] setup_percpu: NR_CPUS:512 nr_cpumask_bits:512 nr_cpu_ids:2 nr_node_ids:1
[    0.000000] PERCPU: Embedded 34 pages/cpu @ffff88003fc00000 s99544 r8192 d31528 u1048576
[    0.000000] Built 1 zonelists in Node order, mobility grouping on.  Total pages: 257912
[    0.000000] Policy zone: DMA32
[    0.000000] Kernel command line: BOOT_IMAGE=/boot/vmlinuz-4.4.0-165-generic root=LABEL=cloudimg-rootfs ro console=tty1 console=ttyS0
[    0.000000] PID hash table entries: 4096 (order: 3, 32768 bytes)
[    0.000000] Memory: 997172K/1048120K available (8621K kernel code, 1335K rwdata, 4032K rodata, 1484K init, 1284K bss, 50948K reserved, 0K cma-reserved)
[    0.000000] SLUB: HWalign=64, Order=0-3, MinObjects=0, CPUs=2, Nodes=1
[    0.000000] Kernel/User page tables isolation: enabled
[    0.000000] Hierarchical RCU implementation.
[    0.000000] 	Build-time adjustment of leaf fanout to 64.
[    0.000000] 	RCU restricting CPUs from NR_CPUS=512 to nr_cpu_ids=2.
[    0.000000] RCU: Adjusting geometry for rcu_fanout_leaf=64, nr_cpu_ids=2
[    0.000000] NR_IRQS:33024 nr_irqs:440 16
[    0.000000] Console: colour VGA+ 80x25
[    0.000000] console [tty1] enabled
[    0.000000] console [ttyS0] enabled
[    0.000000] tsc: Detected 2592.000 MHz processor
[    0.271372] Calibrating delay loop (skipped) preset value.. 5184.00 BogoMIPS (lpj=10368000)
[    0.274725] pid_max: default: 32768 minimum: 301
[    0.276633] ACPI: Core revision 20150930
[    0.282590] ACPI: 2 ACPI AML tables successfully acquired and loaded
[    0.285291] Security Framework initialized
[    0.287085] Yama: becoming mindful.
[    0.289097] AppArmor: AppArmor initialized
[    0.290889] Dentry cache hash table entries: 131072 (order: 8, 1048576 bytes)
[    0.295675] Inode-cache hash table entries: 65536 (order: 7, 524288 bytes)
[    0.297892] Mount-cache hash table entries: 2048 (order: 2, 16384 bytes)
[    0.300208] Mountpoint-cache hash table entries: 2048 (order: 2, 16384 bytes)
[    0.302843] Initializing cgroup subsys io
[    0.304710] Initializing cgroup subsys memory
[    0.306391] Initializing cgroup subsys devices
[    0.307994] Initializing cgroup subsys freezer
[    0.309475] Initializing cgroup subsys net_cls
[    0.311053] Initializing cgroup subsys perf_event
[    0.312561] Initializing cgroup subsys net_prio
[    0.314094] Initializing cgroup subsys hugetlb
[    0.315632] Initializing cgroup subsys pids
[    0.318514] mce: CPU supports 0 MCE banks
[    0.320009] Last level iTLB entries: 4KB 64, 2MB 8, 4MB 8
[    0.321964] Last level dTLB entries: 4KB 64, 2MB 0, 4MB 0, 1GB 4
[    0.323855] Spectre V1 : Mitigation: usercopy/swapgs barriers and __user pointer sanitization
[    0.327563] Spectre V2 : Mitigation: Full generic retpoline
[    0.329830] Spectre V2 : Spectre v2 / SpectreRSB mitigation: Filling RSB on context switch
[    0.333540] Speculative Store Bypass: Vulnerable
[    0.335617] MDS: Vulnerable: Clear CPU buffers attempted, no microcode
[    0.341718] Freeing SMP alternatives memory: 36K
[    0.353821] ftrace: allocating 32318 entries in 127 pages
[    0.455950] smpboot: APIC(0) Converting physical 0 to logical package 0
[    0.458662] smpboot: Max logical packages: 1
[    0.461230] x2apic enabled
[    0.463277] Switched APIC routing to physical x2apic.
[    0.467207] ..TIMER: vector=0x30 apic1=0 pin1=2 apic2=-1 pin2=-1
[    0.574848] smpboot: CPU0: Intel(R) Core(TM) i7-6700HQ CPU @ 2.60GHz (family: 0x6, model: 0x5e, stepping: 0x3)
[    0.579829] Performance Events: unsupported p6 CPU model 94 no PMU driver, software events only.
[    0.600600] KVM setup paravirtual spinlock
[    0.604015] x86: Booting SMP configuration:
[    0.605931] .... node  #0, CPUs:      #1
[    0.607512] kvm-clock: cpu 1, msr 0:3ffe3041, secondary cpu clock
[    0.610229] mce: CPU supports 0 MCE banks
[    0.613197] x86: Booted up 1 node, 2 CPUs
[    0.615232] smpboot: Total of 2 processors activated (10368.00 BogoMIPS)
[    0.618466] devtmpfs: initialized
[    0.622562] evm: security.selinux
[    0.624186] evm: security.SMACK64
[    0.625755] evm: security.SMACK64EXEC
[    0.627409] evm: security.SMACK64TRANSMUTE
[    0.628929] evm: security.SMACK64MMAP
[    0.630657] evm: security.ima
[    0.632328] evm: security.capability
[    0.634399] clocksource: jiffies: mask: 0xffffffff max_cycles: 0xffffffff, max_idle_ns: 7645041785100000 ns
[    0.638031] futex hash table entries: 512 (order: 3, 32768 bytes)
[    0.640534] pinctrl core: initialized pinctrl subsystem
[    0.642965] RTC time:  7:19:46, date: 10/21/19
[    0.645168] NET: Registered protocol family 16
[    0.658938] cpuidle: using governor ladder
[    0.671394] cpuidle: using governor menu
[    0.672821] PCCT header not found.
[    0.674673] ACPI: bus type PCI registered
[    0.676448] acpiphp: ACPI Hot Plug PCI Controller Driver version: 0.5
[    0.679394] PCI: Using configuration type 1 for base access
[    0.696608] ACPI: Added _OSI(Module Device)
[    0.698101] ACPI: Added _OSI(Processor Device)
[    0.699642] ACPI: Added _OSI(3.0 _SCP Extensions)
[    0.701218] ACPI: Added _OSI(Processor Aggregator Device)
[    0.704063] ACPI: Executed 1 blocks of module-level executable AML code
[    0.710922] ACPI: Interpreter enabled
[    0.712606] ACPI: (supports S0 S5)
[    0.714152] ACPI: Using IOAPIC for interrupt routing
[    0.716704] PCI: Using host bridge windows from ACPI; if necessary, use "pci=nocrs" and report a bug
[    0.728466] ACPI: PCI Root Bridge [PCI0] (domain 0000 [bus 00-ff])
[    0.730935] acpi PNP0A03:00: _OSC: OS supports [ASPM ClockPM Segments MSI]
[    0.735457] acpi PNP0A03:00: _OSC: not requesting OS control; OS requires [ExtendedConfig ASPM ClockPM MSI]
[    0.740586] acpi PNP0A03:00: fail to add MMCONFIG information, can't access extended PCI configuration space under this bridge.
[    0.747030] PCI host bridge to bus 0000:00
[    0.748645] pci_bus 0000:00: root bus resource [io  0x0000-0x0cf7 window]
[    0.752151] pci_bus 0000:00: root bus resource [io  0x0d00-0xffff window]
[    0.754963] pci_bus 0000:00: root bus resource [mem 0x000a0000-0x000bffff window]
[    0.758642] pci_bus 0000:00: root bus resource [mem 0x40000000-0xfdffffff window]
[    0.762225] pci_bus 0000:00: root bus resource [bus 00-ff]
[    0.768002] pci 0000:00:01.1: legacy IDE quirk: reg 0x10: [io  0x01f0-0x01f7]
[    0.771535] pci 0000:00:01.1: legacy IDE quirk: reg 0x14: [io  0x03f6]
[    0.774439] pci 0000:00:01.1: legacy IDE quirk: reg 0x18: [io  0x0170-0x0177]
[    0.776906] pci 0000:00:01.1: legacy IDE quirk: reg 0x1c: [io  0x0376]
[    0.828936] pci 0000:00:07.0: quirk: [io  0x4000-0x403f] claimed by PIIX4 ACPI
[    0.832624] pci 0000:00:07.0: quirk: [io  0x4100-0x410f] claimed by PIIX4 SMB
[    0.854066] ACPI: PCI Interrupt Link [LNKA] (IRQs 5 9 10 *11)
[    0.857935] ACPI: PCI Interrupt Link [LNKB] (IRQs 5 9 *10 11)
[    0.861254] ACPI: PCI Interrupt Link [LNKC] (IRQs 5 *9 10 11)
[    0.864583] ACPI: PCI Interrupt Link [LNKD] (IRQs 5 9 10 *11)
[    0.867872] ACPI: Enabled 2 GPEs in block 00 to 07
[    0.870593] vgaarb: setting as boot device: PCI:0000:00:02.0
[    0.873192] vgaarb: device added: PCI:0000:00:02.0,decodes=io+mem,owns=io+mem,locks=none
[    0.877517] vgaarb: loaded
[    0.879135] vgaarb: bridge control possible 0000:00:02.0
[    0.884532] SCSI subsystem initialized
[    0.886813] ACPI: bus type USB registered
[    0.889061] usbcore: registered new interface driver usbfs
[    0.891640] usbcore: registered new interface driver hub
[    0.894217] usbcore: registered new device driver usb
[    0.896715] PCI: Using ACPI for IRQ routing
[    0.899182] NetLabel: Initializing
[    0.900729] NetLabel:  domain hash size = 128
[    0.902631] NetLabel:  protocols = UNLABELED CIPSOv4
[    0.909795] NetLabel:  unlabeled traffic allowed by default
[    0.912635] amd_nb: Cannot enumerate AMD northbridges
[    0.915048] clocksource: Switched to clocksource kvm-clock
[    0.935459] AppArmor: AppArmor Filesystem Enabled
[    0.937970] pnp: PnP ACPI init
[    0.941686] pnp: PnP ACPI: found 3 devices
[    0.956969] clocksource: acpi_pm: mask: 0xffffff max_cycles: 0xffffff, max_idle_ns: 2085701024 ns
[    0.960686] NET: Registered protocol family 2
[    0.963228] TCP established hash table entries: 8192 (order: 4, 65536 bytes)
[    0.966078] TCP bind hash table entries: 8192 (order: 5, 131072 bytes)
[    0.968793] TCP: Hash tables configured (established 8192 bind 8192)
[    0.971381] UDP hash table entries: 512 (order: 2, 16384 bytes)
[    0.974172] UDP-Lite hash table entries: 512 (order: 2, 16384 bytes)
[    0.978644] NET: Registered protocol family 1
[    0.980926] pci 0000:00:00.0: Limiting direct PCI/PCI transfers
[    0.983354] pci 0000:00:01.0: Activating ISA DMA hang workarounds
[    0.986298] Unpacking initramfs...
[    1.315159] Freeing initrd memory: 15388K
[    1.316854] clocksource: tsc: mask: 0xffffffffffffffff max_cycles: 0x255cb6cc5db, max_idle_ns: 440795203504 ns
[    1.320316] platform rtc_cmos: registered platform RTC device (no PNP device found)
[    1.323400] Scanning for low memory corruption every 60 seconds
[    1.325770] audit: initializing netlink subsys (disabled)
[    1.327593] audit: type=2000 audit(1571642392.222:1): initialized
[    1.330239] Initialise system trusted keyring
[    1.332304] HugeTLB registered 2 MB page size, pre-allocated 0 pages
[    1.336098] zbud: loaded
[    1.337603] VFS: Disk quotas dquot_6.6.0
[    1.339111] VFS: Dquot-cache hash table entries: 512 (order 0, 4096 bytes)
[    1.341667] squashfs: version 4.0 (2009/01/31) Phillip Lougher
[    1.344170] fuse init (API version 7.23)
[    1.345689] Key type big_key registered
[    1.347040] Allocating IMA MOK and blacklist keyrings.
[    1.351222] Key type asymmetric registered
[    1.352710] Asymmetric key parser 'x509' registered
[    1.354342] Block layer SCSI generic (bsg) driver version 0.4 loaded (major 249)
[    1.357446] io scheduler noop registered
[    1.358936] io scheduler deadline registered (default)
[    1.361020] io scheduler cfq registered
[    1.362972] pci_hotplug: PCI Hot Plug PCI Core version: 0.5
[    1.365322] pciehp: PCI Express Hot Plug Controller Driver version: 0.4
[    1.368244] ACPI: AC Adapter [AC] (on-line)
[    1.369848] input: Power Button as /devices/LNXSYSTM:00/LNXPWRBN:00/input/input0
[    1.373808] ACPI: Power Button [PWRF]
[    1.375670] input: Sleep Button as /devices/LNXSYSTM:00/LNXSLPBN:00/input/input1
[    1.379075] ACPI: Sleep Button [SLPF]
[    1.382242] ACPI: Battery Slot [BAT0] (battery present)
[    1.384511] GHES: HEST is not enabled!
[    1.386389] Serial: 8250/16550 driver, 32 ports, IRQ sharing enabled
[    1.409462] 00:02: ttyS0 at I/O 0x3f8 (irq = 4, base_baud = 115200) is a 16550A
[    1.414342] Linux agpgart interface v0.103
[    1.420849] loop: module loaded
[    1.423016] scsi host0: ata_piix
[    1.424630] scsi host1: ata_piix
[    1.426160] ata1: PATA max UDMA/33 cmd 0x1f0 ctl 0x3f6 bmdma 0xd000 irq 14
[    1.428315] ata2: PATA max UDMA/33 cmd 0x170 ctl 0x376 bmdma 0xd008 irq 15
[    1.430904] libphy: Fixed MDIO Bus: probed
[    1.433044] tun: Universal TUN/TAP device driver, 1.6
[    1.435392] tun: (C) 1999-2004 Max Krasnyansky <maxk@qualcomm.com>
[    1.437957] PPP generic driver version 2.4.2
[    1.439953] ehci_hcd: USB 2.0 'Enhanced' Host Controller (EHCI) Driver
[    1.442182] ehci-pci: EHCI PCI platform driver
[    1.443914] ehci-platform: EHCI generic platform driver
[    1.445843] ohci_hcd: USB 1.1 'Open' Host Controller (OHCI) Driver
[    1.448066] ohci-pci: OHCI PCI platform driver
[    1.449610] ohci-platform: OHCI generic platform driver
[    1.451313] uhci_hcd: USB Universal Host Controller Interface driver
[    1.453499] i8042: PNP: PS/2 Controller [PNP0303:PS2K,PNP0f03:PS2M] at 0x60,0x64 irq 1,12
[    1.457855] serio: i8042 KBD port at 0x60,0x64 irq 1
[    1.459465] serio: i8042 AUX port at 0x60,0x64 irq 12
[    1.461300] mousedev: PS/2 mouse device common for all mice
[    1.463726] rtc_cmos rtc_cmos: rtc core: registered rtc_cmos as rtc0
[    1.466059] input: AT Translated Set 2 keyboard as /devices/platform/i8042/serio0/input/input2
[    1.469023] rtc_cmos rtc_cmos: alarms up to one day, 114 bytes nvram
[    1.471037] i2c /dev entries driver
[    1.472480] device-mapper: uevent: version 1.0.3
[    1.474175] device-mapper: ioctl: 4.34.0-ioctl (2015-10-28) initialised: dm-devel@redhat.com
[    1.477278] ledtrig-cpu: registered to indicate activity on CPUs
[    1.480046] NET: Registered protocol family 10
[    1.481984] NET: Registered protocol family 17
[    1.483759] Key type dns_resolver registered
[    1.485585] registered taskstats version 1
[    1.487478] Loading compiled-in X.509 certificates
[    1.490406] Loaded X.509 cert 'Build time autogenerated kernel key: 0ed82eac04367aa6426493b1389455ebf6830eaa'
[    1.494495] zswap: loaded using pool lzo/zbud
[    1.498342] Key type trusted registered
[    1.505108] Key type encrypted registered
[    1.507087] AppArmor: AppArmor sha1 policy hashing enabled
[    1.508952] ima: No TPM chip found, activating TPM-bypass!
[    1.511163] ima: Allocated hash algorithm: sha1
[    1.512707] evm: HMAC attrs: 0x1
[    1.514643]   Magic number: 7:614:319
[    1.516147] tty tty44: hash matches
[    1.517607] rtc_cmos rtc_cmos: setting system clock to 2019-10-21 07:19:47 UTC (1571642387)
[    1.520640] BIOS EDD facility v0.16 2004-Jun-25, 0 devices found
[    1.522685] EDD information not available.
[    1.585373] Freeing unused kernel memory: 1484K
[    1.587000] Write protecting the kernel read-only data: 14336k
[    1.589458] Freeing unused kernel memory: 1608K
[    1.591674] Freeing unused kernel memory: 64K
Loading, please wait...
starting version 229
[    1.610863] random: systemd-udevd: uninitialized urandom read (16 bytes read, 3 bits of entropy available)
[    1.611887] random: udevadm: uninitialized urandom read (16 bytes read, 3 bits of entropy available)
[    1.611912] random: udevadm: uninitialized urandom read (16 bytes read, 3 bits of entropy available)
[    1.620569] random: systemd-udevd: uninitialized urandom read (16 bytes read, 3 bits of entropy available)
[    1.624498] random: systemd-udevd: uninitialized urandom read (16 bytes read, 3 bits of entropy available)
[    1.624842] random: udevadm: uninitialized urandom read (16 bytes read, 3 bits of entropy available)
[    1.624941] random: udevadm: uninitialized urandom read (16 bytes read, 3 bits of entropy available)
[    1.625148] random: udevadm: uninitialized urandom read (16 bytes read, 3 bits of entropy available)
[    1.625220] random: udevadm: uninitialized urandom read (16 bytes read, 3 bits of entropy available)
[    1.625291] random: udevadm: uninitialized urandom read (16 bytes read, 3 bits of entropy available)
[    1.685684] e1000: Intel(R) PRO/1000 Network Driver - version 7.3.21-k8-NAPI
[    1.688438] e1000: Copyright (c) 1999-2006 Intel Corporation.
[    1.693822] Fusion MPT base driver 3.04.20
[    1.695457] Copyright (c) 1999-2008 LSI Corporation
[    1.709315] Fusion MPT SPI Host driver 3.04.20
[    1.723052] AVX2 version of gcm_enc/dec engaged.
[    1.724720] AES CTR mode by8 optimization enabled
[    1.915844] input: ImExPS/2 Generic Explorer Mouse as /devices/platform/i8042/serio1/input/input4
[    2.140719] e1000 0000:00:03.0 eth0: (PCI:33MHz:32-bit) 02:a6:4f:fa:c8:d6
[    2.142832] e1000 0000:00:03.0 eth0: Intel(R) PRO/1000 Network Connection
[    2.578120] e1000 0000:00:08.0 eth1: (PCI:33MHz:32-bit) 08:00:27:1a:5b:81
[    2.581225] e1000 0000:00:08.0 eth1: Intel(R) PRO/1000 Network Connection
[    2.585457] mptbase: ioc0: Initiating bringup
[    2.587798] e1000 0000:00:03.0 enp0s3: renamed from eth0
[    2.600293] e1000 0000:00:08.0 enp0s8: renamed from eth1
[    2.652027] ioc0: LSI53C1030 A0: Capabilities={Initiator}
[    2.814857] scsi host2: ioc0: LSI53C1030 A0, FwRev=00000000h, Ports=1, MaxQ=256, IRQ=20
[    2.928241] scsi 2:0:0:0: Direct-Access     VBOX     HARDDISK         1.0  PQ: 0 ANSI: 5
[    2.931463] scsi target2:0:0: Beginning Domain Validation
[    2.934764] scsi target2:0:0: Domain Validation skipping write tests
[    2.936767] scsi target2:0:0: Ending Domain Validation
[    2.938813] scsi target2:0:0: asynchronous
[    2.940868] scsi 2:0:1:0: Direct-Access     VBOX     HARDDISK         1.0  PQ: 0 ANSI: 5
[    2.961357] scsi target2:0:1: Beginning Domain Validation
[    2.965850] scsi target2:0:1: Domain Validation skipping write tests
[    2.967769] scsi target2:0:1: Ending Domain Validation
[    2.969548] scsi target2:0:1: asynchronous
[    2.980887] sd 2:0:0:0: [sda] 20971520 512-byte logical blocks: (10.7 GB/10.0 GiB)
[    2.983558] sd 2:0:0:0: Attached scsi generic sg0 type 0
[    2.985696] sd 2:0:1:0: [sdb] 20480 512-byte logical blocks: (10.5 MB/10.0 MiB)
[    2.988261] sd 2:0:0:0: [sda] Write Protect is off
[    2.988624] sd 2:0:1:0: [sdb] Write Protect is off
[    2.988798] sd 2:0:1:0: [sdb] Incomplete mode parameter data
[    2.988800] sd 2:0:1:0: [sdb] Assuming drive cache: write through
[    2.991532] sd 2:0:1:0: Attached scsi generic sg1 type 0
[    2.994500] sd 2:0:1:0: [sdb] Attached SCSI disk
[    2.999015] sd 2:0:0:0: [sda] Incomplete mode parameter data
[    3.000957] sd 2:0:0:0: [sda] Assuming drive cache: write through
[    3.005881]  sda: sda1
[    3.008595] sd 2:0:0:0: [sda] Attached SCSI disk
Begin: Loading essential drivers ... [    4.642836] md: linear personality registered for level -1
[    4.647167] md: multipath personality registered for level -4
[    4.651430] md: raid0 personality registered for level 0
[    4.656827] md: raid1 personality registered for level 1
[    4.731621] raid6: sse2x1   gen()  7592 MB/s
[    4.799071] raid6: sse2x1   xor()  5238 MB/s
[    4.867297] raid6: sse2x2   gen()  8495 MB/s
[    4.935592] raid6: sse2x2   xor()  7591 MB/s
[    5.003914] raid6: sse2x4   gen() 12446 MB/s
[    5.071274] raid6: sse2x4   xor()  8048 MB/s
[    5.139580] raid6: avx2x1   gen() 17686 MB/s
[    5.207054] raid6: avx2x2   gen() 20364 MB/s
[    5.275254] raid6: avx2x4   gen() 21605 MB/s
[    5.276755] raid6: using algorithm avx2x4 gen() 21605 MB/s
[    5.278576] raid6: using avx2x2 recovery algorithm
[    5.281488] xor: automatically using best checksumming function:
[    5.323078]    avx       : 19245.000 MB/sec
[    5.326081] async_tx: api initialized (async)
[    5.340491] md: raid6 personality registered for level 6
[    5.342207] md: raid5 personality registered for level 5
[    5.344024] md: raid4 personality registered for level 4
[    5.353397] md: raid10 personality registered for level 10
done.
Begin: Running /scripts/init-premount ... done.
Begin: Mounting root file system ... Begin: Running /scripts/local-top ... done.
Begin: Running /scripts/local-premount ... [    5.395404] Btrfs loaded
Scanning for Btrfs filesystems
done.
Warning: fsck not present, so skipping root file system
[    5.437998] EXT4-fs (sda1): mounted filesystem with ordered data mode. Opts: (null)
done.
Begin: Running /scripts/local-bottom ... done.
Begin: Running /scripts/init-bottom ... done.
[    5.549100] systemd[1]: systemd 229 running in system mode. (+PAM +AUDIT +SELINUX +IMA +APPARMOR +SMACK +SYSVINIT +UTMP +LIBCRYPTSETUP +GCRYPT +GNUTLS +ACL +XZ -LZ4 +SECCOMP +BLKID +ELFUTILS +KMOD -IDN)
[    5.554694] systemd[1]: Detected virtualization oracle.
[    5.556471] systemd[1]: Detected architecture x86-64.

Welcome to [1mUbuntu 16.04.6 LTS[0m!

[    5.560941] systemd[1]: Set hostname to <webserver>.
[    5.728217] systemd[1]: Reached target Encrypted Volumes.
[[0;32m  OK  [0m] Reached target Encrypted Volumes.
[    5.731213] systemd[1]: Started Forward Password Requests to Wall Directory Watch.
[[0;32m  OK  [0m] Started Forward Password Requests to Wall Directory Watch.
[    5.740029] systemd[1]: Listening on Journal Socket.
[[0;32m  OK  [0m] Listening on Journal Socket.
[    5.743126] systemd[1]: Started Trigger resolvconf update for networkd DNS.
[[0;32m  OK  [0m] Started Trigger resolvconf update for networkd DNS.
[    5.747395] systemd[1]: Listening on /dev/initctl Compatibility Named Pipe.
[[0;32m  OK  [0m] Listening on /dev/initctl Compatibility Named Pipe.
[    5.751530] systemd[1]: Listening on Syslog Socket.
[[0;32m  OK  [0m] Listening on Syslog Socket.
[    5.759521] systemd[1]: Listening on udev Kernel Socket.
[[0;32m  OK  [0m] Listening on udev Kernel Socket.
[    5.762437] systemd[1]: Reached target System Time Synchronized.
[[0;32m  OK  [0m] Reached target System Time Synchronized.
[    5.765670] systemd[1]: Listening on udev Control Socket.
[[0;32m  OK  [0m] Listening on udev Control Socket.
[    5.776213] systemd[1]: Listening on Journal Audit Socket.
[[0;32m  OK  [0m] Listening on Journal Audit Socket.
[    5.779049] systemd[1]: Listening on LVM2 poll daemon socket.
[[0;32m  OK  [0m] Listening on LVM2 poll daemon socket.
[    5.788108] systemd[1]: Created slice System Slice.
[[0;32m  OK  [0m] Created slice System Slice.
[    5.807249] systemd[1]: Starting Remount Root and Kernel File Systems...
         Starting Remount Root and Kernel File Systems...
[    5.816167] systemd[1]: Created slice system-serial\x2dgetty.slice.
[[0;32m  OK  [0m] Created slice system-serial\x2dgetty.slice.
[    5.829152] systemd[1]: Starting Load Kernel Modules...
[    5.829594] EXT4-fs (sda1): re-mounted. Opts: (null)
         Starting Load Kernel Modules...
[    5.834974] systemd[1]: Starting Nameserver information manager...
         Starting Nameserver information manager...
[    5.839941] systemd[1]: Starting Create list of required static device nodes for the current kernel...
         Starting Create list of required st... nodes for the current kernel...
[    5.852846] Loading iSCSI transport class v2.0-870.
[    5.853741] systemd[1]: Starting Uncomplicated firewall...
         Starting Uncomplicated firewall...
[    5.858185] systemd[1]: Mounting Huge Pages File System...
         Mounting Huge Pages File System...
[    5.861424] systemd[1]: Created slice User and Session Slice.
[[0;32m  OK  [0m] Created slice User and Session Slice.
[    5.865793] systemd[1]: Mounting POSIX Message Queue File System...
         Mounting POSIX Message Queue File System...
[    5.870655] iscsi: registered transport (tcp)
[    5.871193] systemd[1]: Mounting Debug File System...
         Mounting Debug File System...
[    5.875373] systemd[1]: Reached target Slices.
[[0;32m  OK  [0m] Reached target Slices.
[    5.878964] systemd[1]: Listening on Device-mapper event daemon FIFOs.
[[0;32m  OK  [0m] Listening on Device-mapper event daemon FIFOs.
[    5.883620] systemd[1]: Starting Set console keymap...
         Starting Set console keymap...
[    5.886159] systemd[1]: Listening on LVM2 metadata daemon socket.
[[0;32m  OK  [0m] Listening on LVM2 metadata daemon socket.
[    5.890097] systemd[1]: Starting Monitoring of LVM2 mirrors, snapshots etc. using dmeventd or progress polling...
         Starting Monitoring of LVM2 mirrors... dmeventd or progress polling...
[    5.899536] systemd[1]: Set up automount Arbitrary Executable File Formats File System Automount Point.
[[0;32m  OK  [0m] Set up automount Arbitrary Executab...ats File System Automount Point.
[    5.908355] systemd[1]: Reached target Swap.
[[0;32m  OK  [0m] Reached target Swap.
[    5.919343] systemd[1]: Listening on Journal Socket (/dev/log).
[[0;32m  OK  [0m] Listening on Journal Socket (/dev/log).
[    5.936205] iscsi: registered transport (iser)
[    5.939589] systemd[1]: Starting Journal Service...
         Starting Journal Service...
[    5.947410] systemd[1]: Reached target User and Group Name Lookups.
[[0;32m  OK  [0m] Reached target User and Group Name Lookups.
[    5.952969] systemd[1]: Mounted Debug File System.
[[0;32m  OK  [0m] Mounted Debug File System.
[    5.955878] systemd[1]: Mounted Huge Pages File System.
[[0;32m  OK  [0m] Mounted Huge Pages File System.
[    5.958852] systemd[1]: Mounted POSIX Message Queue File System.
[[0;32m  OK  [0m] Mounted POSIX Message Queue File System.
[    5.962760] systemd[1]: Started Remount Root and Kernel File Systems.
[[0;32m  OK  [0m] Started Remount Root and Kernel File Systems.
[    5.974008] systemd[1]: Started Load Kernel Modules.
[[0;32m  OK  [0m] Started Load Kernel Modules.
[    5.984490] systemd[1]: Started Create list of required static device nodes for the current kernel.
[[0;32m  OK  [0m] Started Create list of required sta...ce nodes for the current kernel.
[    5.990074] systemd[1]: Started Uncomplicated firewall.
[[0;32m  OK  [0m] Started Uncomplicated firewall.
[    5.994816] systemd[1]: Started Nameserver information manager.
[[0;32m  OK  [0m] Started Nameserver information manager.
[    6.000788] systemd[1]: Started Journal Service.
[[0;32m  OK  [0m] Started Journal Service.
[[0;32m  OK  [0m] Started Set console keymap.
[[0;32m  OK  [0m] Started LVM2 metadata daemon.
         Starting Create Static Device Nodes in /dev...
         Mounting FUSE Control File System...
         Starting Apply Kernel Variables...
         Starting udev Coldplug all Devices...
         Starting Flush Journal to Persistent Storage...
         Starting Load/Save Random Seed...
[[0;32m  OK  [0m] Mounted FUSE Control File System.
[[0;32m  OK  [0m] Started Create Static Device Nodes in /dev.
[[0;32m  OK  [0m] Started Apply Kernel Variables.
[[0;32m  OK  [0m] Started Load/Save Random Seed.
[[0;32m  OK  [0m] Started udev Coldplug all Devices.
[[0;32m  OK  [0m] Started Flush Journal to Persistent Storage.
         Starting udev Kernel Device Manager...
[[0;32m  OK  [0m] Started udev Kernel Device Manager.
[[0;32m  OK  [0m] Started Dispatch Password Requests to Console Directory Watch.
[[0;32m  OK  [0m] Started Monitoring of LVM2 mirrors,...ng dmeventd or progress polling.
[[0;32m  OK  [0m] Reached target Local File Systems (Pre).
[[0;32m  OK  [0m] Reached target Local File Systems.
         Starting Create Volatile Files and Directories...
         Starting Initial cloud-init job (pre-networking)...
         Starting Tell Plymouth To Write Out Runtime Data...
         Starting LSB: AppArmor initialization...
         Starting Set console font and keymap...
[[0;32m  OK  [0m] Started Create Volatile Files and Directories.
[[0;32m  OK  [0m] Started Tell Plymouth To Write Out Runtime Data.
         Starting Update UTMP about System Boot/Shutdown...
[[0;32m  OK  [0m] Started Update UTMP about System Boot/Shutdown.
[[0;32m  OK  [0m] Started LSB: AppArmor initialization.
[[0;32m  OK  [0m] Found device /dev/ttyS0.
[[0;32m  OK  [0m] Listening on Load/Save RF Kill Switch Status /dev/rfkill Watch.
[[0;32m  OK  [0m] Found device 82540EM Gigabit Ethern...r (PRO/1000 MT Desktop Adapter).
[[0;32m  OK  [0m] Found device 82540EM Gigabit Ethern...r (PRO/1000 MT Desktop Adapter).
[    7.193179] cloud-init[487]: Cloud-init v. 19.2-36-g059d049c-0ubuntu2~16.04.1 running 'init-local' at Mon, 21 Oct 2019 07:19:53 +0000. Up 6.80 seconds.
[[0;32m  OK  [0m] Started Initial cloud-init job (pre-networking).
[[0;32m  OK  [0m] Reached target Network (Pre).
[[0;32m  OK  [0m] Started ifup for enp0s3.
[[0;32m  OK  [0m] Started ifup for enp0s8.
         Starting Raise network interfaces...
[[0;32m  OK  [0m] Started Set console font and keymap.
[[0;32m  OK  [0m] Created slice system-getty.slice.
[[0;32m  OK  [0m] Started Raise network interfaces.
         Starting Initial cloud-init job (metadata service crawler)...
[[0;32m  OK  [0m] Reached target Network.
[    8.816163] cloud-init[1076]: Cloud-init v. 19.2-36-g059d049c-0ubuntu2~16.04.1 running 'init' at Mon, 21 Oct 2019 07:19:54 +0000. Up 8.34 seconds.
[    8.824650] cloud-init[1076]: ci-info: ++++++++++++++++++++++++++++++++++++++Net device info+++++++++++++++++++++++++++++++++++++++
[    8.832477] cloud-init[1076]: ci-info: +--------+------+-----------------------------+---------------+--------+-------------------+
[    8.841251] cloud-init[1076]: ci-info: | Device |  Up  |           Address           |      Mask     | Scope  |     Hw-Address    |
[    8.848884] cloud-init[1076]: ci-info: +--------+------+-----------------------------+---------------+--------+-------------------+
[    8.851583] cloud-init[1076]: ci-info: | enp0s3 | True |          10.0.2.15          | 255.255.255.0 | global | 02:a6:4f:fa:c8:d6 |
[    8.853059] cloud-init[1076]: ci-info: | enp0s3 | True |  fe80::a6:4fff:fefa:c8d6/64 |       .       |  link  | 02:a6:4f:fa:c8:d6 |
[    8.856847] cloud-init[1076]: ci-info: | enp0s8 | True |        192.168.16.188       | 255.255.255.0 | global | 08:00:27:1a:5b:81 |
[    8.858691] cloud-init[1076]: ci-info: | enp0s8 | True | fe80::a00:27ff:fe1a:5b81/64 |       .       |  link  | 08:00:27:1a:5b:81 |
[    8.868586] cloud-init[1076]: ci-info: |   lo   | True |          127.0.0.1          |   255.0.0.0   |  host  |         .         |
[    8.870634] cloud-init[1076]: ci-info: |   lo   | True |           ::1/128           |       .       |  host  |         .         |
[    8.873196] cloud-init[1076]: ci-info: +--------+------+-----------------------------+---------------+--------+-------------------+
[    8.875344] cloud-init[1076]: ci-info: ++++++++++++++++++++++++++++Route IPv4 info++++++++++++++++++++++++++++
[    8.877583] cloud-init[1076]: ci-info: +-------+--------------+----------+---------------+-----------+-------+
[    8.879815] cloud-init[1076]: ci-info: | Route | Destination  | Gateway  |    Genmask    | Interface | Flags |
[    8.882233] cloud-init[1076]: ci-info: +-------+--------------+----------+---------------+-----------+-------+
[    8.884749] cloud-init[1076]: ci-info: |   0   |   0.0.0.0    | 10.0.2.2 |    0.0.0.0    |   enp0s3  |   UG  |
[    8.886976] cloud-init[1076]: ci-info: |   1   |   10.0.2.0   | 0.0.0.0  | 255.255.255.0 |   enp0s3  |   U   |
[    8.889214] cloud-init[1076]: ci-info: |   2   | 192.168.16.0 | 0.0.0.0  | 255.255.255.0 |   enp0s8  |   U   |
[    8.891504] cloud-init[1076]: ci-info: +-------+--------------+----------+---------------+-----------+-------+
[    8.894034] cloud-init[1076]: ci-info: +++++++++++++++++++Route IPv6 info+++++++++++++++++++
[    8.896198] cloud-init[1076]: ci-info: +-------+-------------+---------+-----------+-------+
[    8.898316] cloud-init[1076]: ci-info: | Route | Destination | Gateway | Interface | Flags |
[    8.900298] cloud-init[1076]: ci-info: +-------+-------------+---------+-----------+-------+
[    8.902387] cloud-init[1076]: ci-info: |   0   |  fe80::/64  |    ::   |   enp0s3  |   U   |
[    8.904367] cloud-init[1076]: ci-info: |   1   |  fe80::/64  |    ::   |   enp0s8  |   U   |
[    8.906518] cloud-init[1076]: ci-info: |   4   |   ff00::/8  |    ::   |   enp0s3  |   U   |
[    8.912457] cloud-init[1076]: ci-info: |   5   |   ff00::/8  |    ::   |   enp0s8  |   U   |
[    8.914105] cloud-init[1076]: ci-info: +-------+-------------+---------+-----------+-------+
[[0;32m  OK  [0m] Started Initial cloud-init job (metadata service crawler).
[[0;32m  OK  [0m] Reached target Cloud-config availability.
[[0;32m  OK  [0m] Reached target Network is Online.
         Starting iSCSI initiator daemon (iscsid)...
[[0;32m  OK  [0m] Reached target System Initialization.
[[0;32m  OK  [0m] Listening on UUID daemon activation socket.
[[0;32m  OK  [0m] Listening on D-Bus System Message Bus Socket.
[[0;32m  OK  [0m] Started Daily apt download activities.
[[0;32m  OK  [0m] Started Daily apt upgrade and clean activities.
[[0;32m  OK  [0m] Started ACPI Events Check.
[[0;32m  OK  [0m] Reached target Paths.
[[0;32m  OK  [0m] Started Message of the Day.
[[0;32m  OK  [0m] Started Daily Cleanup of Temporary Directories.
[[0;32m  OK  [0m] Reached target Timers.
         Starting Socket activation for snappy daemon.
         Starting LXD - unix socket.
[[0;32m  OK  [0m] Listening on ACPID Listen Socket.
[[0;32m  OK  [0m] Listening on Socket activation for snappy daemon.
[[0;32m  OK  [0m] Listening on LXD - unix socket.
[[0;32m  OK  [0m] Started iSCSI initiator daemon (iscsid).
         Starting Login to default iSCSI targets...
[[0;32m  OK  [0m] Reached target Sockets.
[[0;32m  OK  [0m] Reached target Basic System.
         Starting Accounts Service...
         Starting LXD - container startup/shutdown...
[[0;32m  OK  [0m] Started Regular background program processing daemon.
         Starting /etc/rc.local Compatibility...
[[0;32m  OK  [0m] Started D-Bus System Message Bus.
         Starting System Logging Service...
[[0;32m  OK  [0m] Started Deferred execution scheduler.
         Starting Login Service...
         Starting LSB: MD monitoring daemon...
         Starting Virtualbox guest utils...
[[0;32m  OK  [0m] Started FUSE filesystem for LXC.
         Starting LSB: Record successful boot for GRUB...
         Starting OpenBSD Secure Shell server...
[[0;32m  OK  [0m] Started ACPI event daemon.
         Starting Snappy daemon...
[[0;32m  OK  [0m] Started System Logging Service.
[[0;32m  OK  [0m] Started /etc/rc.local Compatibility.
[[0;32m  OK  [0m] Started LXD - container startup/shutdown.
[[0;32m  OK  [0m] Started Login to default iSCSI targets.
[[0;32m  OK  [0m] Started OpenBSD Secure Shell server.
[[0;32m  OK  [0m] Started LSB: MD monitoring daemon.
[[0;32m  OK  [0m] Started LSB: Record successful boot for GRUB.
[[0;32m  OK  [0m] Started Login Service.
[[0;32m  OK  [0m] Started Unattended Upgrades Shutdown.
         Starting Authenticate and Authorize Users to Run Privileged Tasks...
[[0;32m  OK  [0m] Reached target Remote File Systems (Pre).
[[0;32m  OK  [0m] Reached target Remote File Systems.
         Starting LSB: Apache2 web server...
         Starting LSB: Set the CPU Frequency Scaling governor to "ondemand"...
         Starting LSB: daemon to balance interrupts for SMP systems...
         Starting Permit User Sessions...
         Starting LSB: automatic crash report generation...
[[0;32m  OK  [0m] Started Virtualbox guest utils.
[[0;32m  OK  [0m] Started Permit User Sessions.
[[0;32m  OK  [0m] Started Authenticate and Authorize Users to Run Privileged Tasks.
[[0;32m  OK  [0m] Started Accounts Service.
[[0;32m  OK  [0m] Started LSB: Set the CPU Frequency Scaling governor to "ondemand".
         Starting Terminate Plymouth Boot Screen...
         Starting Hold until boot process finishes up...
[[0;32m  OK  [0m] Started Snappy daemon.
[[0;32m  OK  [0m] Started LSB: daemon to balance interrupts for SMP systems.
[[0;32m  OK  [0m] Started LSB: automatic crash report generation.
[[0;32m  OK  [0m] Started Terminate Plymouth Boot Screen.
[[0;32m  OK  [0m] Started Hold until boot process finishes up.
         Starting Set console scheme...
[[0;32m  OK  [0m] Started Getty on tty1.
[[0;32m  OK  [0m] Started Serial Getty on ttyS0.
[[0;32m  OK  [0m] Reached target Login Prompts.
         Starting Wait until snapd is fully seeded...
[[0;32m  OK  [0m] Started Set console scheme.
[[0;32m  OK  [0m] Started Wait until snapd is fully seeded.
         Starting Apply the settings specified in cloud-config...
[   10.453231] cloud-init[1352]: Cloud-init v. 19.2-36-g059d049c-0ubuntu2~16.04.1 running 'modules:config' at Mon, 21 Oct 2019 07:19:56 +0000. Up 10.28 seconds.
[[0;32m  OK  [0m] Started Apply the settings specified in cloud-config.
[[0;32m  OK  [0m] Started LSB: Apache2 web server.
[[0;32m  OK  [0m] Reached target Multi-User System.
         Starting Execute cloud user/final scripts...
[[0;32m  OK  [0m] Reached target Graphical Interface.
         Starting Update UTMP about System Runlevel Changes...
[[0;32m  OK  [0m] Started Update UTMP about System Runlevel Changes.
[   11.539867] cloud-init[1377]: Cloud-init v. 19.2-36-g059d049c-0ubuntu2~16.04.1 running 'modules:final' at Mon, 21 Oct 2019 07:19:57 +0000. Up 11.36 seconds.
[   11.542665] cloud-init[1377]: Cloud-init v. 19.2-36-g059d049c-0ubuntu2~16.04.1 finished at Mon, 21 Oct 2019 07:19:57 +0000. Datasource DataSourceNoCloud [seed=/dev/sdb][dsmode=net].  Up 11.53 seconds
[[0;32m  OK  [0m] Started Execute cloud user/final scripts.
[[0;32m  OK  [0m] Reached target Cloud-init target.

Ubuntu 16.04.6 LTS webserver ttyS0

webserver login: 